<?xml version="1.0" encoding="UTF-8"?>
<robot generator="Robot 4.1.3 (Python 3.8.9 on win32)" generated="20220210 22:19:11.241" rpa="false" schemaversion="2">
<suite id="s1" name="Test Suite" source="D:\projects\all_tests\ui_test\test_robot\test_rf\test_suite.robot">
<test id="s1-t1" name="Test1">
<kw name="Comment" library="BuiltIn">
<arg>1.打印</arg>
<doc>Displays the given messages in the log file as keyword arguments.</doc>
<status status="PASS" starttime="20220210 22:19:11.382" endtime="20220210 22:19:11.382"/>
</kw>
<kw name="Log" library="BuiltIn">
<arg>Hello world</arg>
<doc>Logs the given message with the given level.</doc>
<msg timestamp="20220210 22:19:11.382" level="INFO">Hello world</msg>
<status status="PASS" starttime="20220210 22:19:11.382" endtime="20220210 22:19:11.382"/>
</kw>
<kw name="Comment" library="BuiltIn">
<arg>2.设置变量</arg>
<doc>Displays the given messages in the log file as keyword arguments.</doc>
<status status="PASS" starttime="20220210 22:19:11.382" endtime="20220210 22:19:11.382"/>
</kw>
<kw name="Set Variable" library="BuiltIn">
<var>${a}</var>
<arg>100</arg>
<doc>Returns the given values which can then be assigned to a variables.</doc>
<msg timestamp="20220210 22:19:11.382" level="INFO">${a} = 100</msg>
<status status="PASS" starttime="20220210 22:19:11.382" endtime="20220210 22:19:11.382"/>
</kw>
<kw name="Log" library="BuiltIn">
<arg>${a}</arg>
<doc>Logs the given message with the given level.</doc>
<msg timestamp="20220210 22:19:11.382" level="INFO">100</msg>
<status status="PASS" starttime="20220210 22:19:11.382" endtime="20220210 22:19:11.382"/>
</kw>
<kw name="Comment" library="BuiltIn">
<arg>3.获取系统时间</arg>
<doc>Displays the given messages in the log file as keyword arguments.</doc>
<status status="PASS" starttime="20220210 22:19:11.382" endtime="20220210 22:19:11.382"/>
</kw>
<kw name="Get Time" library="BuiltIn">
<var>${time}</var>
<doc>Returns the given time in the requested format.</doc>
<msg timestamp="20220210 22:19:11.382" level="INFO">${time} = 2022-02-10 22:19:11</msg>
<status status="PASS" starttime="20220210 22:19:11.382" endtime="20220210 22:19:11.382"/>
</kw>
<kw name="Log" library="BuiltIn">
<arg>${time}</arg>
<doc>Logs the given message with the given level.</doc>
<msg timestamp="20220210 22:19:11.382" level="INFO">2022-02-10 22:19:11</msg>
<status status="PASS" starttime="20220210 22:19:11.382" endtime="20220210 22:19:11.382"/>
</kw>
<kw name="Comment" library="BuiltIn">
<arg>4.睡眠时间，强制等待</arg>
<doc>Displays the given messages in the log file as keyword arguments.</doc>
<status status="PASS" starttime="20220210 22:19:11.382" endtime="20220210 22:19:11.382"/>
</kw>
<kw name="Comment" library="BuiltIn">
<arg>sleep</arg>
<arg>3</arg>
<doc>Displays the given messages in the log file as keyword arguments.</doc>
<status status="PASS" starttime="20220210 22:19:11.382" endtime="20220210 22:19:11.382"/>
</kw>
<kw name="Comment" library="BuiltIn">
<arg>5.字符串的拼接</arg>
<doc>Displays the given messages in the log file as keyword arguments.</doc>
<status status="PASS" starttime="20220210 22:19:11.382" endtime="20220210 22:19:11.382"/>
</kw>
<kw name="Catenate" library="BuiltIn">
<var>${str}</var>
<arg>oracle</arg>
<arg>mysql</arg>
<arg>sqlserver</arg>
<doc>Catenates the given items together and returns the resulted string.</doc>
<msg timestamp="20220210 22:19:11.382" level="INFO">${str} = oracle mysql sqlserver</msg>
<status status="PASS" starttime="20220210 22:19:11.382" endtime="20220210 22:19:11.382"/>
</kw>
<kw name="Log" library="BuiltIn">
<arg>${str}</arg>
<doc>Logs the given message with the given level.</doc>
<msg timestamp="20220210 22:19:11.382" level="INFO">oracle mysql sqlserver</msg>
<status status="PASS" starttime="20220210 22:19:11.382" endtime="20220210 22:19:11.382"/>
</kw>
<kw name="Comment" library="BuiltIn">
<arg>6.创建列表</arg>
<doc>Displays the given messages in the log file as keyword arguments.</doc>
<status status="PASS" starttime="20220210 22:19:11.382" endtime="20220210 22:19:11.382"/>
</kw>
<kw name="Create List" library="BuiltIn">
<var>${list1}</var>
<arg>功能测试</arg>
<arg>自动化测试</arg>
<arg>性能测试</arg>
<doc>Returns a list containing given items.</doc>
<msg timestamp="20220210 22:19:11.382" level="INFO">${list1} = ['功能测试', '自动化测试', '性能测试']</msg>
<status status="PASS" starttime="20220210 22:19:11.382" endtime="20220210 22:19:11.382"/>
</kw>
<kw name="Log" library="BuiltIn">
<arg>${list1}</arg>
<doc>Logs the given message with the given level.</doc>
<msg timestamp="20220210 22:19:11.382" level="INFO">['功能测试', '自动化测试', '性能测试']</msg>
<status status="PASS" starttime="20220210 22:19:11.382" endtime="20220210 22:19:11.382"/>
</kw>
<kw name="Create List" library="BuiltIn">
<var>@{list2}</var>
<arg>功能测试</arg>
<arg>自动化测试</arg>
<arg>性能测试</arg>
<doc>Returns a list containing given items.</doc>
<msg timestamp="20220210 22:19:11.382" level="INFO">@{list2} = [ 功能测试 | 自动化测试 | 性能测试 ]</msg>
<status status="PASS" starttime="20220210 22:19:11.382" endtime="20220210 22:19:11.382"/>
</kw>
<kw name="Log Many" library="BuiltIn">
<arg>@{list2}</arg>
<doc>Logs the given messages as separate entries using the INFO level.</doc>
<msg timestamp="20220210 22:19:11.382" level="INFO">功能测试</msg>
<msg timestamp="20220210 22:19:11.382" level="INFO">自动化测试</msg>
<msg timestamp="20220210 22:19:11.382" level="INFO">性能测试</msg>
<status status="PASS" starttime="20220210 22:19:11.382" endtime="20220210 22:19:11.382"/>
</kw>
<kw name="Comment" library="BuiltIn">
<arg>7.创建字典</arg>
<doc>Displays the given messages in the log file as keyword arguments.</doc>
<status status="PASS" starttime="20220210 22:19:11.382" endtime="20220210 22:19:11.382"/>
</kw>
<kw name="Create Dictionary" library="BuiltIn">
<var>${dic}</var>
<arg>name=百里</arg>
<arg>age=18</arg>
<doc>Creates and returns a dictionary based on the given ``items``.</doc>
<msg timestamp="20220210 22:19:11.382" level="INFO">${dic} = {'name': '百里', 'age': '18'}</msg>
<status status="PASS" starttime="20220210 22:19:11.382" endtime="20220210 22:19:11.382"/>
</kw>
<kw name="Log" library="BuiltIn">
<arg>${dic}</arg>
<doc>Logs the given message with the given level.</doc>
<msg timestamp="20220210 22:19:11.382" level="INFO">{'name': '百里', 'age': '18'}</msg>
<status status="PASS" starttime="20220210 22:19:11.382" endtime="20220210 22:19:11.382"/>
</kw>
<kw name="Log" library="BuiltIn">
<arg>${dic}[name]</arg>
<doc>Logs the given message with the given level.</doc>
<msg timestamp="20220210 22:19:11.382" level="INFO">百里</msg>
<status status="PASS" starttime="20220210 22:19:11.382" endtime="20220210 22:19:11.382"/>
</kw>
<kw name="Get Dictionary Keys" library="Collections">
<var>${keys}</var>
<arg>${dic}</arg>
<doc>Returns keys of the given ``dictionary`` as a list.</doc>
<msg timestamp="20220210 22:19:11.382" level="INFO">${keys} = ['age', 'name']</msg>
<status status="PASS" starttime="20220210 22:19:11.382" endtime="20220210 22:19:11.382"/>
</kw>
<kw name="Log" library="BuiltIn">
<arg>${keys}</arg>
<doc>Logs the given message with the given level.</doc>
<msg timestamp="20220210 22:19:11.382" level="INFO">['age', 'name']</msg>
<status status="PASS" starttime="20220210 22:19:11.382" endtime="20220210 22:19:11.382"/>
</kw>
<kw name="Get Dictionary Values" library="Collections">
<var>${values}</var>
<arg>${dic}</arg>
<doc>Returns values of the given ``dictionary`` as a list.</doc>
<msg timestamp="20220210 22:19:11.382" level="INFO">${values} = ['18', '百里']</msg>
<status status="PASS" starttime="20220210 22:19:11.382" endtime="20220210 22:19:11.382"/>
</kw>
<kw name="Log" library="BuiltIn">
<arg>${values}</arg>
<doc>Logs the given message with the given level.</doc>
<msg timestamp="20220210 22:19:11.382" level="INFO">['18', '百里']</msg>
<status status="PASS" starttime="20220210 22:19:11.382" endtime="20220210 22:19:11.382"/>
</kw>
<kw name="Get From Dictionary" library="Collections">
<var>${key_value}</var>
<arg>${dic}</arg>
<arg>name</arg>
<doc>Returns a value from the given ``dictionary`` based on the given ``key``.</doc>
<msg timestamp="20220210 22:19:11.382" level="INFO">${key_value} = 百里</msg>
<status status="PASS" starttime="20220210 22:19:11.382" endtime="20220210 22:19:11.382"/>
</kw>
<kw name="Log" library="BuiltIn">
<arg>${key_value}</arg>
<doc>Logs the given message with the given level.</doc>
<msg timestamp="20220210 22:19:11.382" level="INFO">百里</msg>
<status status="PASS" starttime="20220210 22:19:11.382" endtime="20220210 22:19:11.382"/>
</kw>
<kw name="Comment" library="BuiltIn">
<arg>8.执行Python里面的方法</arg>
<doc>Displays the given messages in the log file as keyword arguments.</doc>
<status status="PASS" starttime="20220210 22:19:11.382" endtime="20220210 22:19:11.382"/>
</kw>
<kw name="Evaluate" library="BuiltIn">
<var>${random_number}</var>
<arg>random.randint(1, 101)</arg>
<arg>modules=random</arg>
<doc>Evaluates the given expression in Python and returns the result.</doc>
<msg timestamp="20220210 22:19:11.382" level="INFO">${random_number} = 3</msg>
<status status="PASS" starttime="20220210 22:19:11.382" endtime="20220210 22:19:11.382"/>
</kw>
<kw name="Log" library="BuiltIn">
<arg>${random_number}</arg>
<doc>Logs the given message with the given level.</doc>
<msg timestamp="20220210 22:19:11.382" level="INFO">3</msg>
<status status="PASS" starttime="20220210 22:19:11.382" endtime="20220210 22:19:11.382"/>
</kw>
<kw name="Evaluate" library="BuiltIn">
<var>${times}</var>
<arg>time.time</arg>
<arg>modules=time</arg>
<doc>Evaluates the given expression in Python and returns the result.</doc>
<msg timestamp="20220210 22:19:11.382" level="INFO">${times} = &lt;built-in function time&gt;</msg>
<status status="PASS" starttime="20220210 22:19:11.382" endtime="20220210 22:19:11.382"/>
</kw>
<kw name="Log" library="BuiltIn">
<arg>${times}</arg>
<doc>Logs the given message with the given level.</doc>
<msg timestamp="20220210 22:19:11.382" level="INFO">&lt;built-in function time&gt;</msg>
<status status="PASS" starttime="20220210 22:19:11.382" endtime="20220210 22:19:11.382"/>
</kw>
<kw name="Comment" library="BuiltIn">
<arg>9.执行Python自定义的方法</arg>
<doc>Displays the given messages in the log file as keyword arguments.</doc>
<status status="PASS" starttime="20220210 22:19:11.382" endtime="20220210 22:19:11.382"/>
</kw>
<kw name="Import Library" library="BuiltIn">
<arg>D:\\projects\\all_tests\\ui_test\\test_robot\\test_rf/test.py</arg>
<doc>Imports a library with the given name and optional arguments.</doc>
<status status="PASS" starttime="20220210 22:19:11.382" endtime="20220210 22:19:11.382"/>
</kw>
<kw name="Evaluate" library="BuiltIn">
<var>${a}</var>
<arg>int(10)</arg>
<doc>Evaluates the given expression in Python and returns the result.</doc>
<msg timestamp="20220210 22:19:11.382" level="INFO">${a} = 10</msg>
<status status="PASS" starttime="20220210 22:19:11.382" endtime="20220210 22:19:11.382"/>
</kw>
<kw name="Evaluate" library="BuiltIn">
<var>${b}</var>
<arg>int(20)</arg>
<doc>Evaluates the given expression in Python and returns the result.</doc>
<msg timestamp="20220210 22:19:11.382" level="INFO">${b} = 20</msg>
<status status="PASS" starttime="20220210 22:19:11.382" endtime="20220210 22:19:11.382"/>
</kw>
<kw name="Add" library="test">
<var>${return_result}</var>
<arg>${a}</arg>
<arg>${b}</arg>
<msg timestamp="20220210 22:19:11.382" level="INFO">${return_result} = 30</msg>
<status status="PASS" starttime="20220210 22:19:11.382" endtime="20220210 22:19:11.382"/>
</kw>
<kw name="Log" library="BuiltIn">
<arg>${return_result}</arg>
<doc>Logs the given message with the given level.</doc>
<msg timestamp="20220210 22:19:11.382" level="INFO">30</msg>
<status status="PASS" starttime="20220210 22:19:11.382" endtime="20220210 22:19:11.382"/>
</kw>
<kw name="Comment" library="BuiltIn">
<arg>10.流程控制IF</arg>
<doc>Displays the given messages in the log file as keyword arguments.</doc>
<status status="PASS" starttime="20220210 22:19:11.382" endtime="20220210 22:19:11.382"/>
</kw>
<kw name="Set Variable" library="BuiltIn">
<var>${age}</var>
<arg>22</arg>
<doc>Returns the given values which can then be assigned to a variables.</doc>
<msg timestamp="20220210 22:19:11.382" level="INFO">${age} = 22</msg>
<status status="PASS" starttime="20220210 22:19:11.382" endtime="20220210 22:19:11.382"/>
</kw>
<kw name="Run Keyword If" library="BuiltIn">
<arg>${age}&gt;30</arg>
<arg>log</arg>
<arg>年龄太大</arg>
<arg>else if</arg>
<arg>18&lt;=${age}&lt;=30</arg>
<arg>log</arg>
<arg>正好</arg>
<arg>else</arg>
<arg>log</arg>
<arg>未成年</arg>
<doc>Runs the given keyword with the given arguments, if ``condition`` is true.</doc>
<status status="PASS" starttime="20220210 22:19:11.382" endtime="20220210 22:19:11.382"/>
</kw>
<kw name="Comment" library="BuiltIn">
<arg>11.流程控制FOR</arg>
<doc>Displays the given messages in the log file as keyword arguments.</doc>
<status status="PASS" starttime="20220210 22:19:11.382" endtime="20220210 22:19:11.382"/>
</kw>
<for flavor="IN">
<var>${a}</var>
<value>功能测试</value>
<value>自动化测试</value>
<value>性能测试</value>
<iter>
<var name="${a}">功能测试</var>
<kw name="Log" library="BuiltIn">
<arg>${a}</arg>
<doc>Logs the given message with the given level.</doc>
<msg timestamp="20220210 22:19:11.382" level="INFO">功能测试</msg>
<status status="PASS" starttime="20220210 22:19:11.382" endtime="20220210 22:19:11.382"/>
</kw>
<status status="PASS" starttime="20220210 22:19:11.382" endtime="20220210 22:19:11.382"/>
</iter>
<iter>
<var name="${a}">自动化测试</var>
<kw name="Log" library="BuiltIn">
<arg>${a}</arg>
<doc>Logs the given message with the given level.</doc>
<msg timestamp="20220210 22:19:11.382" level="INFO">自动化测试</msg>
<status status="PASS" starttime="20220210 22:19:11.382" endtime="20220210 22:19:11.382"/>
</kw>
<status status="PASS" starttime="20220210 22:19:11.382" endtime="20220210 22:19:11.382"/>
</iter>
<iter>
<var name="${a}">性能测试</var>
<kw name="Log" library="BuiltIn">
<arg>${a}</arg>
<doc>Logs the given message with the given level.</doc>
<msg timestamp="20220210 22:19:11.382" level="INFO">性能测试</msg>
<status status="PASS" starttime="20220210 22:19:11.382" endtime="20220210 22:19:11.382"/>
</kw>
<status status="PASS" starttime="20220210 22:19:11.382" endtime="20220210 22:19:11.382"/>
</iter>
<status status="PASS" starttime="20220210 22:19:11.382" endtime="20220210 22:19:11.382"/>
</for>
<kw name="Create List" library="BuiltIn">
<var>${list3}</var>
<arg>功能测试</arg>
<arg>自动化测试</arg>
<arg>性能测试</arg>
<doc>Returns a list containing given items.</doc>
<msg timestamp="20220210 22:19:11.382" level="INFO">${list3} = ['功能测试', '自动化测试', '性能测试']</msg>
<status status="PASS" starttime="20220210 22:19:11.382" endtime="20220210 22:19:11.382"/>
</kw>
<for flavor="IN">
<var>${a}</var>
<value>${list3}</value>
<iter>
<var name="${a}">['功能测试', '自动化测试', '性能测试']</var>
<kw name="Log" library="BuiltIn">
<arg>${a}</arg>
<doc>Logs the given message with the given level.</doc>
<msg timestamp="20220210 22:19:11.382" level="INFO">['功能测试', '自动化测试', '性能测试']</msg>
<status status="PASS" starttime="20220210 22:19:11.382" endtime="20220210 22:19:11.382"/>
</kw>
<status status="PASS" starttime="20220210 22:19:11.382" endtime="20220210 22:19:11.382"/>
</iter>
<status status="PASS" starttime="20220210 22:19:11.382" endtime="20220210 22:19:11.382"/>
</for>
<for flavor="IN RANGE">
<var>${a}</var>
<value>1</value>
<value>11</value>
<iter>
<var name="${a}">1</var>
<kw name="Run Keyword If" library="BuiltIn">
<arg>${a}==5</arg>
<arg>exit for loop</arg>
<doc>Runs the given keyword with the given arguments, if ``condition`` is true.</doc>
<status status="PASS" starttime="20220210 22:19:11.382" endtime="20220210 22:19:11.382"/>
</kw>
<kw name="Log" library="BuiltIn">
<arg>${a}</arg>
<doc>Logs the given message with the given level.</doc>
<msg timestamp="20220210 22:19:11.382" level="INFO">1</msg>
<status status="PASS" starttime="20220210 22:19:11.382" endtime="20220210 22:19:11.382"/>
</kw>
<status status="PASS" starttime="20220210 22:19:11.382" endtime="20220210 22:19:11.382"/>
</iter>
<iter>
<var name="${a}">2</var>
<kw name="Run Keyword If" library="BuiltIn">
<arg>${a}==5</arg>
<arg>exit for loop</arg>
<doc>Runs the given keyword with the given arguments, if ``condition`` is true.</doc>
<status status="PASS" starttime="20220210 22:19:11.382" endtime="20220210 22:19:11.382"/>
</kw>
<kw name="Log" library="BuiltIn">
<arg>${a}</arg>
<doc>Logs the given message with the given level.</doc>
<msg timestamp="20220210 22:19:11.382" level="INFO">2</msg>
<status status="PASS" starttime="20220210 22:19:11.382" endtime="20220210 22:19:11.382"/>
</kw>
<status status="PASS" starttime="20220210 22:19:11.382" endtime="20220210 22:19:11.382"/>
</iter>
<iter>
<var name="${a}">3</var>
<kw name="Run Keyword If" library="BuiltIn">
<arg>${a}==5</arg>
<arg>exit for loop</arg>
<doc>Runs the given keyword with the given arguments, if ``condition`` is true.</doc>
<status status="PASS" starttime="20220210 22:19:11.382" endtime="20220210 22:19:11.382"/>
</kw>
<kw name="Log" library="BuiltIn">
<arg>${a}</arg>
<doc>Logs the given message with the given level.</doc>
<msg timestamp="20220210 22:19:11.382" level="INFO">3</msg>
<status status="PASS" starttime="20220210 22:19:11.382" endtime="20220210 22:19:11.382"/>
</kw>
<status status="PASS" starttime="20220210 22:19:11.382" endtime="20220210 22:19:11.382"/>
</iter>
<iter>
<var name="${a}">4</var>
<kw name="Run Keyword If" library="BuiltIn">
<arg>${a}==5</arg>
<arg>exit for loop</arg>
<doc>Runs the given keyword with the given arguments, if ``condition`` is true.</doc>
<status status="PASS" starttime="20220210 22:19:11.382" endtime="20220210 22:19:11.382"/>
</kw>
<kw name="Log" library="BuiltIn">
<arg>${a}</arg>
<doc>Logs the given message with the given level.</doc>
<msg timestamp="20220210 22:19:11.382" level="INFO">4</msg>
<status status="PASS" starttime="20220210 22:19:11.382" endtime="20220210 22:19:11.382"/>
</kw>
<status status="PASS" starttime="20220210 22:19:11.382" endtime="20220210 22:19:11.382"/>
</iter>
<iter>
<var name="${a}">5</var>
<kw name="Run Keyword If" library="BuiltIn">
<arg>${a}==5</arg>
<arg>exit for loop</arg>
<doc>Runs the given keyword with the given arguments, if ``condition`` is true.</doc>
<kw name="Exit For Loop" library="BuiltIn">
<doc>Stops executing the enclosing for loop.</doc>
<msg timestamp="20220210 22:19:11.382" level="INFO">Exiting for loop altogether.</msg>
<status status="PASS" starttime="20220210 22:19:11.382" endtime="20220210 22:19:11.382"/>
</kw>
<status status="PASS" starttime="20220210 22:19:11.382" endtime="20220210 22:19:11.382"/>
</kw>
<status status="PASS" starttime="20220210 22:19:11.382" endtime="20220210 22:19:11.382"/>
</iter>
<status status="PASS" starttime="20220210 22:19:11.382" endtime="20220210 22:19:11.382"/>
</for>
<status status="PASS" starttime="20220210 22:19:11.382" endtime="20220210 22:19:11.382"/>
</test>
<test id="s1-t2" name="Test2">
<kw name="百度搜索" library="业务关键字">
<arg>robotframework</arg>
<arg>robotframework</arg>
<kw name="Open Browser" library="SeleniumLibrary">
<arg>http://www.baidu.com</arg>
<arg>chrome</arg>
<doc>Opens a new browser instance to the optional ``url``.</doc>
<msg timestamp="20220210 22:19:11.382" level="INFO">Opening browser 'chrome' to base url 'http://www.baidu.com'.</msg>
<status status="PASS" starttime="20220210 22:19:11.382" endtime="20220210 22:19:14.023"/>
</kw>
<kw name="Input Text" library="SeleniumLibrary">
<arg>id:kw</arg>
<arg>${searchword}</arg>
<doc>Types the given ``text`` into the text field identified by ``locator``.</doc>
<msg timestamp="20220210 22:19:14.024" level="INFO">Typing text 'robotframework' into text field 'id:kw'.</msg>
<status status="PASS" starttime="20220210 22:19:14.024" endtime="20220210 22:19:14.115"/>
</kw>
<kw name="Click Button" library="SeleniumLibrary">
<arg>id:su</arg>
<doc>Clicks the button identified by ``locator``.</doc>
<msg timestamp="20220210 22:19:14.115" level="INFO">Clicking button 'id:su'.</msg>
<status status="PASS" starttime="20220210 22:19:14.115" endtime="20220210 22:19:14.177"/>
</kw>
<kw name="Sleep" library="BuiltIn">
<arg>2</arg>
<doc>Pauses the test executed for the given time.</doc>
<msg timestamp="20220210 22:19:16.181" level="INFO">Slept 2 seconds</msg>
<status status="PASS" starttime="20220210 22:19:14.177" endtime="20220210 22:19:16.181"/>
</kw>
<kw name="Get Title" library="SeleniumLibrary">
<var>${title}</var>
<doc>Returns the title of the current page.</doc>
<msg timestamp="20220210 22:19:16.181" level="INFO">${title} = robotframework_百度搜索</msg>
<status status="PASS" starttime="20220210 22:19:16.181" endtime="20220210 22:19:16.181"/>
</kw>
<kw name="Should Contain" library="BuiltIn">
<arg>${title}</arg>
<arg>${result}</arg>
<doc>Fails if ``container`` does not contain ``item`` one or more times.</doc>
<status status="PASS" starttime="20220210 22:19:16.181" endtime="20220210 22:19:16.181"/>
</kw>
<kw name="Capture Page Screenshot" library="SeleniumLibrary">
<arg>ff.png</arg>
<doc>Takes a screenshot of the current page and embeds it into a log file.</doc>
<msg timestamp="20220210 22:19:16.286" level="INFO" html="true">&lt;/td&gt;&lt;/tr&gt;&lt;tr&gt;&lt;td colspan="3"&gt;&lt;a href="ff.png"&gt;&lt;img src="ff.png" width="800px"&gt;&lt;/a&gt;</msg>
<status status="PASS" starttime="20220210 22:19:16.181" endtime="20220210 22:19:16.286"/>
</kw>
<kw name="Close Browser" library="SeleniumLibrary">
<doc>Closes the current browser.</doc>
<status status="PASS" starttime="20220210 22:19:16.286" endtime="20220210 22:19:18.380"/>
</kw>
<status status="PASS" starttime="20220210 22:19:11.382" endtime="20220210 22:19:18.380"/>
</kw>
<status status="PASS" starttime="20220210 22:19:11.382" endtime="20220210 22:19:18.380"/>
</test>
<doc>Simple example using SeleniumLibrary.Collections 用于使用集合相关的关键字</doc>
<status status="PASS" starttime="20220210 22:19:11.241" endtime="20220210 22:19:18.380"/>
</suite>
<statistics>
<total>
<stat pass="2" fail="0" skip="0">All Tests</stat>
</total>
<tag>
</tag>
<suite>
<stat pass="2" fail="0" skip="0" id="s1" name="Test Suite">Test Suite</stat>
</suite>
</statistics>
<errors>
</errors>
</robot>
