<?xml version="1.0" encoding="UTF-8"?>
<robot generator="Robot 4.1.3 (Python 3.8.9 on win32)" generated="20220211 22:34:13.799" rpa="false" schemaversion="2">
<suite id="s1" name="Test Suite3" source="D:\projects\all_tests\ui_test\test_robot\test_rf\test_suite3.robot">
<test id="s1-t1" name="LocatorTest">
<kw name="Open Browser" library="SeleniumLibrary">
<arg>http://www.baidu.com</arg>
<arg>chrome</arg>
<doc>Opens a new browser instance to the optional ``url``.</doc>
<msg timestamp="20220211 22:34:13.909" level="INFO">Opening browser 'chrome' to base url 'http://www.baidu.com'.</msg>
<status status="PASS" starttime="20220211 22:34:13.908" endtime="20220211 22:34:15.655"/>
</kw>
<kw name="Set Browser Implicit Wait" library="SeleniumLibrary">
<arg>5</arg>
<doc>Sets the implicit wait value used by Selenium.</doc>
<status status="PASS" starttime="20220211 22:34:15.656" endtime="20220211 22:34:15.656"/>
</kw>
<kw name="Click Element" library="SeleniumLibrary">
<arg>css=div#s-top-left a:nth-child(3)</arg>
<doc>Click the element identified by ``locator``.</doc>
<msg timestamp="20220211 22:34:15.657" level="INFO">Clicking element 'css=div#s-top-left a:nth-child(3)'.</msg>
<status status="PASS" starttime="20220211 22:34:15.656" endtime="20220211 22:34:15.693"/>
</kw>
<kw name="Sleep" library="BuiltIn">
<arg>2</arg>
<doc>Pauses the test executed for the given time.</doc>
<msg timestamp="20220211 22:34:17.694" level="INFO">Slept 2 seconds</msg>
<status status="PASS" starttime="20220211 22:34:15.693" endtime="20220211 22:34:17.694"/>
</kw>
<kw name="Close Browser" library="SeleniumLibrary">
<doc>Closes the current browser.</doc>
<status status="PASS" starttime="20220211 22:34:17.694" endtime="20220211 22:34:19.759"/>
</kw>
<status status="PASS" starttime="20220211 22:34:13.908" endtime="20220211 22:34:19.759"/>
</test>
<doc>Simple example using SeleniumLibrary.</doc>
<status status="PASS" starttime="20220211 22:34:13.800" endtime="20220211 22:34:19.760"/>
</suite>
<statistics>
<total>
<stat pass="1" fail="0" skip="0">All Tests</stat>
</total>
<tag>
</tag>
<suite>
<stat pass="1" fail="0" skip="0" id="s1" name="Test Suite3">Test Suite3</stat>
</suite>
</statistics>
<errors>
</errors>
</robot>
